#
# There is insufficient memory for the Java Runtime Environment to continue.
# Native memory allocation (malloc) failed to allocate 1048576 bytes for AllocateHeap
# Possible reasons:
#   The system is out of physical RAM or swap space
#   In 32 bit mode, the process size limit was hit
# Possible solutions:
#   Reduce memory load on the system
#   Increase physical memory or swap space
#   Check if swap backing store is full
#   Use 64 bit Java on a 64 bit OS
#   Decrease Java heap size (-Xmx/-Xms)
#   Decrease number of Java threads
#   Decrease Java thread stack sizes (-Xss)
#   Set larger code cache with -XX:ReservedCodeCacheSize=
# This output file may be truncated or incomplete.
#
#  Out of Memory Error (memory/allocation.inline.hpp:61), pid=10152, tid=0x0000000000000d24
#
# JRE version:  (8.0_101-b13) (build )
# Java VM: Java HotSpot(TM) 64-Bit Server VM (25.101-b13 mixed mode windows-amd64 compressed oops)
# Failed to write core dump. Minidumps are not enabled by default on client versions of Windows
#

---------------  T H R E A D  ---------------

Current thread (0x0000000002f99000):  JavaThread "Unknown thread" [_thread_in_vm, id=3364, stack(0x0000000002d90000,0x0000000002e90000)]

Stack: [0x0000000002d90000,0x0000000002e90000]
[error occurred during error reporting (printing stack bounds), id 0xc0000005]

Native frames: (J=compiled Java code, j=interpreted, Vv=VM code, C=native code)


---------------  P R O C E S S  ---------------

Java Threads: ( => current thread )

Other Threads:

=>0x0000000002f99000 (exited) JavaThread "Unknown thread" [_thread_in_vm, id=3364, stack(0x0000000002d90000,0x0000000002e90000)]

VM state:not at safepoint (normal execution)

VM Mutex/Monitor currently owned by a thread: None

Heap:
 PSYoungGen      total 38400K, used 665K [0x00000000d5e00000, 0x00000000d8880000, 0x0000000100000000)
  eden space 33280K, 2% used [0x00000000d5e00000,0x00000000d5ea6670,0x00000000d7e80000)
  from space 5120K, 0% used [0x00000000d8380000,0x00000000d8380000,0x00000000d8880000)
  to   space 5120K, 0% used [0x00000000d7e80000,0x00000000d7e80000,0x00000000d8380000)
 ParOldGen       total 87552K, used 0K [0x0000000081a00000, 0x0000000086f80000, 0x00000000d5e00000)
  object space 87552K, 0% used [0x0000000081a00000,0x0000000081a00000,0x0000000086f80000)
 Metaspace       used 783K, capacity 1092K, committed 1152K, reserved 1060864K
  class space    used 75K, capacity 384K, committed 384K, reserved 1048576K

Card table byte_map: [0x0000000012550000,0x0000000012950000] byte_map_base: 0x0000000012143000

Marking Bits: (ParMarkBitMap*) 0x000000005c9ba6d0
 Begin Bits: [0x0000000013000000, 0x0000000014f98000)
 End Bits:   [0x0000000014f98000, 0x0000000016f30000)

Polling page: 0x0000000001140000

CodeCache: size=245760Kb used=328Kb max_used=328Kb free=245431Kb
 bounds [0x0000000003190000, 0x0000000003400000, 0x0000000012190000]
 total_blobs=58 nmethods=0 adapters=38
 compilation: enabled

Compilation events (0 events):
No events

GC Heap History (0 events):
No events

Deoptimization events (0 events):
No events

Internal exceptions (0 events):
No events

Events (10 events):
Event: 0.244 loading class java/lang/Short
Event: 0.244 loading class java/lang/Short done
Event: 0.244 loading class java/lang/Integer
Event: 0.245 loading class java/lang/Integer done
Event: 0.245 loading class java/lang/Long
Event: 0.245 loading class java/lang/Long done
Event: 0.246 loading class java/lang/NullPointerException
Event: 0.246 loading class java/lang/NullPointerException done
Event: 0.246 loading class java/lang/ArithmeticException
Event: 0.246 loading class java/lang/ArithmeticException done


Dynamic libraries:
0x00007ff6c4b50000 - 0x00007ff6c4b87000 	D:\JavaIntsall\jdk-1.8\bin\java.exe
0x00007ffb67070000 - 0x00007ffb67268000 	C:\WINDOWS\SYSTEM32\ntdll.dll
0x00007ffb66e80000 - 0x00007ffb66f3f000 	C:\WINDOWS\System32\KERNEL32.DLL
0x00007ffb649e0000 - 0x00007ffb64cb2000 	C:\WINDOWS\System32\KERNELBASE.dll
0x00007ffb65d10000 - 0x00007ffb65dbe000 	C:\WINDOWS\System32\ADVAPI32.dll
0x00007ffb66530000 - 0x00007ffb665ce000 	C:\WINDOWS\System32\msvcrt.dll
0x00007ffb65f80000 - 0x00007ffb6601c000 	C:\WINDOWS\System32\sechost.dll
0x00007ffb65e50000 - 0x00007ffb65f74000 	C:\WINDOWS\System32\RPCRT4.dll
0x00007ffb66ad0000 - 0x00007ffb66c71000 	C:\WINDOWS\System32\USER32.dll
0x00007ffb64fa0000 - 0x00007ffb64fc2000 	C:\WINDOWS\System32\win32u.dll
0x00007ffb66140000 - 0x00007ffb6616b000 	C:\WINDOWS\System32\GDI32.dll
0x00007ffb648d0000 - 0x00007ffb649df000 	C:\WINDOWS\System32\gdi32full.dll
0x00007ffb65020000 - 0x00007ffb650bd000 	C:\WINDOWS\System32\msvcp_win.dll
0x00007ffb64e10000 - 0x00007ffb64f10000 	C:\WINDOWS\System32\ucrtbase.dll
0x00007ffb50120000 - 0x00007ffb503ba000 	C:\WINDOWS\WinSxS\amd64_microsoft.windows.common-controls_6595b64144ccf1df_6.0.19041.1110_none_60b5254171f9507e\COMCTL32.dll
0x00007ffb65810000 - 0x00007ffb65840000 	C:\WINDOWS\System32\IMM32.DLL
0x000000005ca40000 - 0x000000005cb12000 	D:\JavaIntsall\jdk-1.8\jre\bin\msvcr100.dll
0x000000005c1a0000 - 0x000000005ca3a000 	D:\JavaIntsall\jdk-1.8\jre\bin\server\jvm.dll
0x00007ffb66340000 - 0x00007ffb66348000 	C:\WINDOWS\System32\PSAPI.DLL
0x00007ffb4f930000 - 0x00007ffb4f939000 	C:\WINDOWS\SYSTEM32\WSOCK32.dll
0x00007ffb4e500000 - 0x00007ffb4e527000 	C:\WINDOWS\SYSTEM32\WINMM.dll
0x00007ffb66630000 - 0x00007ffb6669b000 	C:\WINDOWS\System32\WS2_32.dll
0x00007ffb634e0000 - 0x00007ffb634ea000 	C:\WINDOWS\SYSTEM32\VERSION.dll
0x000000005c190000 - 0x000000005c19f000 	D:\JavaIntsall\jdk-1.8\jre\bin\verify.dll
0x000000005c160000 - 0x000000005c189000 	D:\JavaIntsall\jdk-1.8\jre\bin\java.dll
0x000000005c090000 - 0x000000005c0b3000 	D:\JavaIntsall\jdk-1.8\jre\bin\instrument.dll
0x000000005c140000 - 0x000000005c156000 	D:\JavaIntsall\jdk-1.8\jre\bin\zip.dll

VM Arguments:
jvm_args: -XX:TieredStopAtLevel=1 -Xverify:none -Dspring.output.ansi.enabled=always -javaagent:D:\IDEA\IntelliJ IDEA 2020.3.4\lib\idea_rt.jar=60520:D:\IDEA\IntelliJ IDEA 2020.3.4\bin -Dcom.sun.management.jmxremote -Dspring.jmx.enabled=true -Dspring.liveBeansView.mbeanDomain -Dspring.application.admin.enabled=true -Dfile.encoding=UTF-8 
java_command: com.lavender.OrderNacosMain83
java_class_path (initial): D:\JavaIntsall\jdk-1.8\jre\lib\charsets.jar;D:\JavaIntsall\jdk-1.8\jre\lib\deploy.jar;D:\JavaIntsall\jdk-1.8\jre\lib\ext\access-bridge-64.jar;D:\JavaIntsall\jdk-1.8\jre\lib\ext\cldrdata.jar;D:\JavaIntsall\jdk-1.8\jre\lib\ext\dnsns.jar;D:\JavaIntsall\jdk-1.8\jre\lib\ext\jaccess.jar;D:\JavaIntsall\jdk-1.8\jre\lib\ext\jfxrt.jar;D:\JavaIntsall\jdk-1.8\jre\lib\ext\localedata.jar;D:\JavaIntsall\jdk-1.8\jre\lib\ext\nashorn.jar;D:\JavaIntsall\jdk-1.8\jre\lib\ext\sunec.jar;D:\JavaIntsall\jdk-1.8\jre\lib\ext\sunjce_provider.jar;D:\JavaIntsall\jdk-1.8\jre\lib\ext\sunmscapi.jar;D:\JavaIntsall\jdk-1.8\jre\lib\ext\sunpkcs11.jar;D:\JavaIntsall\jdk-1.8\jre\lib\ext\zipfs.jar;D:\JavaIntsall\jdk-1.8\jre\lib\javaws.jar;D:\JavaIntsall\jdk-1.8\jre\lib\jce.jar;D:\JavaIntsall\jdk-1.8\jre\lib\jfr.jar;D:\JavaIntsall\jdk-1.8\jre\lib\jfxswt.jar;D:\JavaIntsall\jdk-1.8\jre\lib\jsse.jar;D:\JavaIntsall\jdk-1.8\jre\lib\management-agent.jar;D:\JavaIntsall\jdk-1.8\jre\lib\plugin.jar;D:\JavaIntsall\jdk-1.8\jre\lib\resources.jar;D:\JavaIntsall\jdk-1.8\jre\lib\rt.jar;D:\µÚÆß½×¶Î-SpringBoot\com.lavender.springcloud\cloudalibaba-consumer-nacos-order83\target\classes;D:\JavaIntsall\apache-maven-3.6.3\maven-repo\org\springframework\boot\spring-boot-starter-web\2.2.2.RELEASE\spring-boot-starter-web-2.2.2.RELEASE.jar;D:\JavaIntsall\apache-maven-3.6.3\maven-repo\org\springframework\boot\spring-boot-starter\2.2.2.RELEASE\spring-boot-starter-2.2.2.RELEASE.jar;D:\JavaIntsall\apache-maven-3.6.3\maven-repo\org\springframework\boot\spring-boot-starter-logging\2.2.2.RELEASE\spring-boot-starter-logging-2.2.2.RELEASE.jar;D:\JavaIntsall\apache-maven-3.6.3\maven-repo\ch\qos\logback\logback-classic\1.2.3\logback-classic-1.2.3.jar;D:\JavaIntsall\apache-maven-3.6.3\maven-repo\ch\qos\logback\logback-core\1.2.3\logback-core-1.2.3.jar;D:\JavaIntsall\apache-maven-3.6.3\maven-repo\org\slf4j\slf4j-api\1.7.29\slf4j-api-1.7.29.jar;D:\JavaIntsall\apache-maven-3.6.3\maven-repo\org\apache\logging\log4j\log
Launcher Type: SUN_STANDARD

Environment Variables:
JAVA_HOME=D:\JavaIntsall\jdk-1.8
PATH=C:\ProgramData\Oracle\Java\javapath;C:\Program Files\Common Files\Oracle\Java\javapath;C:\Program Files (x86)\Common Files\Oracle\Java\javapath;c:\users\administrator\appdata\local\programs\python\python38\lib\site-packages;D:\JavaIntsall\jdk-1.8\bin;D:\MyLinux1\;C:\ProgramData\Microsoft\Windows\Start Menu\Programs\Anaconda3 (64-bit);C:\Program Files\Go;D:\Program Files\Git\cmd;C:\WINDOWS\system32;C:\WINDOWS;C:\WINDOWS\system32\wbem;D:\JavaIntsall\apache-maven-3.6.3\bin;C:\Program Files\MySQL\MySQL Server 8.0\bin;D:\JavaIntsall\apache-tomcat-8.5.84;D:\JavaIntsall\jdk-1.8\bin;C:\Program Files\MySQL\MySQL Server 5.7\bin;C:\WINDOWS\System32\Wbem;C:\WINDOWS\System32\WindowsPowerShell\v1.0\;C:\WINDOWS\System32\OpenSSH\;D:\Redis;D:\JavaIntsall\erl9.2\bin;D:\JavaIntsall\rabbitmq_server-3.7.4\sbin;D:\µÚÆß½×¶Î-SpringBoot\vue\;D:\JavaIntsall\jdk-1.8\bin;C:\Users\Administrator\AppData\Local\Programs\Python\Python38\Scripts\;C:\Users\Administrator\AppData\Local\Programs\Python\Python38\;C:\Users\Administrator\AppData\Local\Microsoft\WindowsApps;C:\Users\Administrator\AppData\Local\Programs\Microsoft VS Code\bin;C:\Users\Administrator\AppData\Local\GitHubDesktop\bin;C:\Users\Administrator\go\bin;D:\ja\IntelliJ IDEA Community Edition 2022.1.1\bin;;D:\Program Files\PyCharm Community Edition 2022.1.3\bin;;D:\Program Files\PyCharm 2020.2.5\bin;;D:\JAVA\IntelliJ IDEA 2020.3.4\bin;;C:\Users\Administrator\AppData\Roaming\npm
USERNAME=Administrator
OS=Windows_NT
PROCESSOR_IDENTIFIER=Intel64 Family 6 Model 142 Stepping 9, GenuineIntel



---------------  S Y S T E M  ---------------

OS: Windows 10.0 , 64 bit Build 19041 (10.0.19041.2546)

CPU:total 4 (2 cores per cpu, 2 threads per core) family 6 model 142 stepping 9, cmov, cx8, fxsr, mmx, sse, sse2, sse3, ssse3, sse4.1, sse4.2, popcnt, avx, avx2, aes, clmul, erms, 3dnowpref, lzcnt, ht, tsc, tscinvbit, bmi1, bmi2, adx

Memory: 4k page, physical 8277208k(1180988k free), swap 12397784k(44776k free)

vm_info: Java HotSpot(TM) 64-Bit Server VM (25.101-b13) for windows-amd64 JRE (1.8.0_101-b13), built on Jun 22 2016 01:21:29 by "java_re" with MS VC++ 10.0 (VS2010)

time: Sun Mar 26 22:34:53 2023
elapsed time: 0 seconds (0d 0h 0m 0s)

